<?xml version="1.0" encoding="utf-8"?><testsuites name="pytest tests"><testsuite name="pytest" errors="0" failures="0" skipped="0" tests="6" time="5.126" timestamp="2026-06-29T07:50:07.913592+00:00" hostname="agent-env-6c584c12-e6e9-4e14-ad3f-801ea193297a"><testcase classname="backend.tests.test_tmdb_preview_flow.TestPreviewFlow" name="test_health" time="0.172" /><testcase classname="backend.tests.test_tmdb_preview_flow.TestPreviewFlow" name="test_providers" time="0.219" /><testcase classname="backend.tests.test_tmdb_preview_flow.TestPreviewFlow" name="test_genres_movie" time="1.291" /><testcase classname="backend.tests.test_tmdb_preview_flow.TestPreviewFlow" name="test_discover_movie_top_all" time="3.016" /><testcase classname="backend.tests.test_tmdb_preview_flow.TestPreviewFlow" name="test_search" time="0.219" /><testcase classname="backend.tests.test_tmdb_preview_flow.TestPreviewFlow" name="test_invalid_genres_content_type" time="0.042" /></testsuite></testsuites>